<?xml version="1.0" encoding="utf-8"?>
<coverage line-rate="1" branch-rate="1" version="1.9" timestamp="1742830525" lines-covered="64" lines-valid="64" branches-covered="28" branches-valid="28">
  <sources>
    <source>C:\Users\Admin\Desktop\C# OOP\UnitTesting\Exercise\DatabaseExtended\</source>
  </sources>
  <packages>
    <package name="DatabaseExtended" line-rate="1" branch-rate="1" complexity="35">
      <classes>
        <class name="ExtendedDatabase.Database" filename="Database.cs" line-rate="1" branch-rate="1" complexity="30">
          <methods>
            <method name="get_Count" signature="()" line-rate="1" branch-rate="1" complexity="1">
              <lines>
                <line number="20" hits="84" branch="False" />
              </lines>
            </method>
            <method name="AddRange" signature="(ExtendedDatabase.Person[])" line-rate="1" branch-rate="1" complexity="4">
              <lines>
                <line number="24" hits="19" branch="False" />
                <line number="25" hits="19" branch="True" condition-coverage="100% (2/2)">
                  <conditions>
                    <condition number="10" type="jump" coverage="100%" />
                  </conditions>
                </line>
                <line number="26" hits="1" branch="False" />
                <line number="27" hits="1" branch="False" />
                <line number="30" hits="148" branch="True" condition-coverage="100% (2/2)">
                  <conditions>
                    <condition number="52" type="jump" coverage="100%" />
                  </conditions>
                </line>
                <line number="31" hits="56" branch="False" />
                <line number="32" hits="56" branch="False" />
                <line number="33" hits="56" branch="False" />
                <line number="34" hits="18" branch="False" />
              </lines>
            </method>
            <method name="Add" signature="(ExtendedDatabase.Person)" line-rate="1" branch-rate="1" complexity="10">
              <lines>
                <line number="37" hits="71" branch="False" />
                <line number="38" hits="71" branch="True" condition-coverage="100% (2/2)">
                  <conditions>
                    <condition number="26" type="jump" coverage="100%" />
                  </conditions>
                </line>
                <line number="39" hits="1" branch="False" />
                <line number="40" hits="1" branch="False" />
                <line number="43" hits="1175" branch="True" condition-coverage="100% (4/4)">
                  <conditions>
                    <condition number="65" type="jump" coverage="100%" />
                    <condition number="1" type="jump" coverage="100%" />
                  </conditions>
                </line>
                <line number="44" hits="1" branch="False" />
                <line number="45" hits="1" branch="False" />
                <line number="48" hits="1158" branch="True" condition-coverage="100% (4/4)">
                  <conditions>
                    <condition number="104" type="jump" coverage="100%" />
                    <condition number="1" type="jump" coverage="100%" />
                  </conditions>
                </line>
                <line number="49" hits="1" branch="False" />
                <line number="50" hits="1" branch="False" />
                <line number="53" hits="68" branch="False" />
                <line number="54" hits="68" branch="False" />
                <line number="55" hits="68" branch="False" />
              </lines>
            </method>
            <method name="Remove" signature="()" line-rate="1" branch-rate="1" complexity="2">
              <lines>
                <line number="58" hits="17" branch="False" />
                <line number="59" hits="17" branch="True" condition-coverage="100% (2/2)">
                  <conditions>
                    <condition number="12" type="jump" coverage="100%" />
                  </conditions>
                </line>
                <line number="60" hits="1" branch="False" />
                <line number="61" hits="1" branch="False" />
                <line number="64" hits="16" branch="False" />
                <line number="65" hits="16" branch="False" />
                <line number="66" hits="16" branch="False" />
              </lines>
            </method>
            <method name="FindByUsername" signature="(System.String)" line-rate="1" branch-rate="1" complexity="6">
              <lines>
                <line number="69" hits="199" branch="False" />
                <line number="70" hits="199" branch="True" condition-coverage="100% (2/2)">
                  <conditions>
                    <condition number="27" type="jump" coverage="100%" />
                  </conditions>
                </line>
                <line number="71" hits="2" branch="False" />
                <line number="72" hits="2" branch="False" />
                <line number="75" hits="1321" branch="True" condition-coverage="100% (4/4)">
                  <conditions>
                    <condition number="69" type="jump" coverage="100%" />
                    <condition number="1" type="jump" coverage="100%" />
                  </conditions>
                </line>
                <line number="76" hits="1" branch="False" />
                <line number="77" hits="1" branch="False" />
                <line number="80" hits="1304" branch="False" />
                <line number="81" hits="196" branch="False" />
                <line number="82" hits="196" branch="False" />
              </lines>
            </method>
            <method name="FindById" signature="(System.Int64)" line-rate="1" branch-rate="1" complexity="6">
              <lines>
                <line number="86" hits="201" branch="False" />
                <line number="87" hits="201" branch="True" condition-coverage="100% (2/2)">
                  <conditions>
                    <condition number="26" type="jump" coverage="100%" />
                  </conditions>
                </line>
                <line number="88" hits="4" branch="False" />
                <line number="89" hits="4" branch="False" />
                <line number="92" hits="1321" branch="True" condition-coverage="100% (4/4)">
                  <conditions>
                    <condition number="68" type="jump" coverage="100%" />
                    <condition number="1" type="jump" coverage="100%" />
                  </conditions>
                </line>
                <line number="93" hits="1" branch="False" />
                <line number="94" hits="1" branch="False" />
                <line number="97" hits="1304" branch="False" />
                <line number="98" hits="196" branch="False" />
                <line number="99" hits="196" branch="False" />
              </lines>
            </method>
            <method name=".ctor" signature="(ExtendedDatabase.Person[])" line-rate="1" branch-rate="1" complexity="1">
              <lines>
                <line number="12" hits="19" branch="False" />
                <line number="13" hits="19" branch="False" />
                <line number="14" hits="19" branch="False" />
                <line number="15" hits="19" branch="False" />
                <line number="16" hits="18" branch="False" />
              </lines>
            </method>
          </methods>
          <lines>
            <line number="20" hits="84" branch="False" />
            <line number="24" hits="19" branch="False" />
            <line number="25" hits="19" branch="True" condition-coverage="100% (2/2)">
              <conditions>
                <condition number="10" type="jump" coverage="100%" />
              </conditions>
            </line>
            <line number="26" hits="1" branch="False" />
            <line number="27" hits="1" branch="False" />
            <line number="30" hits="148" branch="True" condition-coverage="100% (2/2)">
              <conditions>
                <condition number="52" type="jump" coverage="100%" />
              </conditions>
            </line>
            <line number="31" hits="56" branch="False" />
            <line number="32" hits="56" branch="False" />
            <line number="33" hits="56" branch="False" />
            <line number="34" hits="18" branch="False" />
            <line number="37" hits="71" branch="False" />
            <line number="38" hits="71" branch="True" condition-coverage="100% (2/2)">
              <conditions>
                <condition number="26" type="jump" coverage="100%" />
              </conditions>
            </line>
            <line number="39" hits="1" branch="False" />
            <line number="40" hits="1" branch="False" />
            <line number="43" hits="1175" branch="True" condition-coverage="100% (4/4)">
              <conditions>
                <condition number="65" type="jump" coverage="100%" />
                <condition number="1" type="jump" coverage="100%" />
              </conditions>
            </line>
            <line number="44" hits="1" branch="False" />
            <line number="45" hits="1" branch="False" />
            <line number="48" hits="1158" branch="True" condition-coverage="100% (4/4)">
              <conditions>
                <condition number="104" type="jump" coverage="100%" />
                <condition number="1" type="jump" coverage="100%" />
              </conditions>
            </line>
            <line number="49" hits="1" branch="False" />
            <line number="50" hits="1" branch="False" />
            <line number="53" hits="68" branch="False" />
            <line number="54" hits="68" branch="False" />
            <line number="55" hits="68" branch="False" />
            <line number="58" hits="17" branch="False" />
            <line number="59" hits="17" branch="True" condition-coverage="100% (2/2)">
              <conditions>
                <condition number="12" type="jump" coverage="100%" />
              </conditions>
            </line>
            <line number="60" hits="1" branch="False" />
            <line number="61" hits="1" branch="False" />
            <line number="64" hits="16" branch="False" />
            <line number="65" hits="16" branch="False" />
            <line number="66" hits="16" branch="False" />
            <line number="69" hits="199" branch="False" />
            <line number="70" hits="199" branch="True" condition-coverage="100% (2/2)">
              <conditions>
                <condition number="27" type="jump" coverage="100%" />
              </conditions>
            </line>
            <line number="71" hits="2" branch="False" />
            <line number="72" hits="2" branch="False" />
            <line number="75" hits="1321" branch="True" condition-coverage="100% (4/4)">
              <conditions>
                <condition number="69" type="jump" coverage="100%" />
                <condition number="1" type="jump" coverage="100%" />
              </conditions>
            </line>
            <line number="76" hits="1" branch="False" />
            <line number="77" hits="1" branch="False" />
            <line number="80" hits="1304" branch="False" />
            <line number="81" hits="196" branch="False" />
            <line number="82" hits="196" branch="False" />
            <line number="86" hits="201" branch="False" />
            <line number="87" hits="201" branch="True" condition-coverage="100% (2/2)">
              <conditions>
                <condition number="26" type="jump" coverage="100%" />
              </conditions>
            </line>
            <line number="88" hits="4" branch="False" />
            <line number="89" hits="4" branch="False" />
            <line number="92" hits="1321" branch="True" condition-coverage="100% (4/4)">
              <conditions>
                <condition number="68" type="jump" coverage="100%" />
                <condition number="1" type="jump" coverage="100%" />
              </conditions>
            </line>
            <line number="93" hits="1" branch="False" />
            <line number="94" hits="1" branch="False" />
            <line number="97" hits="1304" branch="False" />
            <line number="98" hits="196" branch="False" />
            <line number="99" hits="196" branch="False" />
            <line number="12" hits="19" branch="False" />
            <line number="13" hits="19" branch="False" />
            <line number="14" hits="19" branch="False" />
            <line number="15" hits="19" branch="False" />
            <line number="16" hits="18" branch="False" />
          </lines>
        </class>
        <class name="ExtendedDatabase.Person" filename="Person.cs" line-rate="1" branch-rate="1" complexity="5">
          <methods>
            <method name="get_UserName" signature="()" line-rate="1" branch-rate="1" complexity="1">
              <lines>
                <line number="16" hits="11805" branch="False" />
              </lines>
            </method>
            <method name="set_UserName" signature="(System.String)" line-rate="1" branch-rate="1" complexity="1">
              <lines>
                <line number="17" hits="264" branch="False" />
              </lines>
            </method>
            <method name="get_Id" signature="()" line-rate="1" branch-rate="1" complexity="1">
              <lines>
                <line number="22" hits="11754" branch="False" />
              </lines>
            </method>
            <method name="set_Id" signature="(System.Int64)" line-rate="1" branch-rate="1" complexity="1">
              <lines>
                <line number="23" hits="264" branch="False" />
              </lines>
            </method>
            <method name=".ctor" signature="(System.Int64,System.String)" line-rate="1" branch-rate="1" complexity="1">
              <lines>
                <line number="8" hits="88" branch="False" />
                <line number="9" hits="88" branch="False" />
                <line number="10" hits="88" branch="False" />
                <line number="11" hits="88" branch="False" />
                <line number="12" hits="88" branch="False" />
              </lines>
            </method>
          </methods>
          <lines>
            <line number="16" hits="11805" branch="False" />
            <line number="17" hits="264" branch="False" />
            <line number="22" hits="11754" branch="False" />
            <line number="23" hits="264" branch="False" />
            <line number="8" hits="88" branch="False" />
            <line number="9" hits="88" branch="False" />
            <line number="10" hits="88" branch="False" />
            <line number="11" hits="88" branch="False" />
            <line number="12" hits="88" branch="False" />
          </lines>
        </class>
      </classes>
    </package>
  </packages>
</coverage>