<?xml version="1.0" encoding="utf-8"?>
<coverage line-rate="0.6774" branch-rate="1" version="1.9" timestamp="1743278329" lines-covered="21" lines-valid="31" branches-covered="8" branches-valid="8">
  <sources>
    <source>C:\Users\Admin\Desktop\C# OOP\MockingAndTestDrivenDeveloping\Exercise\Chainblock\</source>
  </sources>
  <packages>
    <package name="Chainblock" line-rate="0.6774" branch-rate="1" complexity="21">
      <classes>
        <class name="Chainblock.Chainblock" filename="Chainblock.cs" line-rate="0.7241" branch-rate="1" complexity="20">
          <methods>
            <method name="get_Count" signature="()" line-rate="1" branch-rate="1" complexity="1">
              <lines>
                <line number="13" hits="33" branch="False" />
              </lines>
            </method>
            <method name="Add" signature="(Chainblock.Contracts.ITransaction)" line-rate="1" branch-rate="1" complexity="4">
              <lines>
                <line number="15" hits="3935" branch="False" />
                <line number="16" hits="3936" branch="True" condition-coverage="100% (2/2)">
                  <conditions>
                    <condition number="7" type="jump" coverage="100%" />
                  </conditions>
                </line>
                <line number="17" hits="3934" branch="True" condition-coverage="100% (2/2)">
                  <conditions>
                    <condition number="34" type="jump" coverage="100%" />
                  </conditions>
                </line>
                <line number="18" hits="1" branch="False" />
                <line number="20" hits="3933" branch="False" />
                <line number="21" hits="3933" branch="False" />
              </lines>
            </method>
            <method name="Contains" signature="(System.Int32)" line-rate="1" branch-rate="1" complexity="1">
              <lines>
                <line number="23" hits="3983" branch="False" />
              </lines>
            </method>
            <method name="RemoveById" signature="(System.Int32)" line-rate="1" branch-rate="1" complexity="2">
              <lines>
                <line number="26" hits="19" branch="False" />
                <line number="27" hits="22" branch="True" condition-coverage="100% (2/2)">
                  <conditions>
                    <condition number="18" type="jump" coverage="100%" />
                  </conditions>
                </line>
                <line number="28" hits="16" branch="False" />
              </lines>
            </method>
            <method name="GetById" signature="(System.Int32)" line-rate="1" branch-rate="1" complexity="2">
              <lines>
                <line number="32" hits="19" branch="False" />
                <line number="33" hits="22" branch="True" condition-coverage="100% (2/2)">
                  <conditions>
                    <condition number="13" type="jump" coverage="100%" />
                  </conditions>
                </line>
                <line number="34" hits="16" branch="False" />
                <line number="35" hits="16" branch="False" />
              </lines>
            </method>
            <method name="GetByTransactionStatus" signature="(Chainblock.TransactionStatus)" line-rate="1" branch-rate="1" complexity="1">
              <lines>
                <line number="38" hits="1868" branch="False" />
              </lines>
            </method>
            <method name="GetAll" signature="()" line-rate="1" branch-rate="1" complexity="1">
              <lines>
                <line number="41" hits="3" branch="False" />
              </lines>
            </method>
            <method name="GetBySender" signature="(System.String)" line-rate="1" branch-rate="1" complexity="1">
              <lines>
                <line number="44" hits="26835" branch="False" />
              </lines>
            </method>
            <method name="GetByReceiver" signature="(System.String)" line-rate="1" branch-rate="1" complexity="1">
              <lines>
                <line number="47" hits="26835" branch="False" />
              </lines>
            </method>
            <method name="GetByTransactionStatusAndMaximumAmount" signature="(Chainblock.TransactionStatus,System.Double)" line-rate="0" branch-rate="1" complexity="1">
              <lines>
                <line number="50" hits="0" branch="False" />
                <line number="51" hits="0" branch="False" />
              </lines>
            </method>
            <method name="GetBySenderAndMinimumAmountDescending" signature="(System.String,System.Double)" line-rate="0" branch-rate="1" complexity="1">
              <lines>
                <line number="55" hits="0" branch="False" />
                <line number="56" hits="0" branch="False" />
              </lines>
            </method>
            <method name="GetByReceiverAndAmountRange" signature="(System.String,System.Double,System.Double)" line-rate="0" branch-rate="1" complexity="1">
              <lines>
                <line number="60" hits="0" branch="False" />
                <line number="61" hits="0" branch="False" />
              </lines>
            </method>
            <method name="GetAllInAmountRange" signature="(System.Double,System.Double)" line-rate="0" branch-rate="1" complexity="1">
              <lines>
                <line number="65" hits="0" branch="False" />
                <line number="66" hits="0" branch="False" />
              </lines>
            </method>
            <method name="InOrder" signature="(System.Collections.Generic.IEnumerable`1&lt;Chainblock.Contracts.ITransaction&gt;)" line-rate="1" branch-rate="1" complexity="1">
              <lines>
                <line number="70" hits="7419" branch="False" />
              </lines>
            </method>
            <method name=".ctor" signature="()" line-rate="1" branch-rate="1" complexity="1">
              <lines>
                <line number="12" hits="34" branch="False" />
              </lines>
            </method>
          </methods>
          <lines>
            <line number="13" hits="33" branch="False" />
            <line number="15" hits="3935" branch="False" />
            <line number="16" hits="3936" branch="True" condition-coverage="100% (2/2)">
              <conditions>
                <condition number="7" type="jump" coverage="100%" />
              </conditions>
            </line>
            <line number="17" hits="3934" branch="True" condition-coverage="100% (2/2)">
              <conditions>
                <condition number="34" type="jump" coverage="100%" />
              </conditions>
            </line>
            <line number="18" hits="1" branch="False" />
            <line number="20" hits="3933" branch="False" />
            <line number="21" hits="3933" branch="False" />
            <line number="23" hits="3983" branch="False" />
            <line number="26" hits="19" branch="False" />
            <line number="27" hits="22" branch="True" condition-coverage="100% (2/2)">
              <conditions>
                <condition number="18" type="jump" coverage="100%" />
              </conditions>
            </line>
            <line number="28" hits="16" branch="False" />
            <line number="32" hits="19" branch="False" />
            <line number="33" hits="22" branch="True" condition-coverage="100% (2/2)">
              <conditions>
                <condition number="13" type="jump" coverage="100%" />
              </conditions>
            </line>
            <line number="34" hits="16" branch="False" />
            <line number="35" hits="16" branch="False" />
            <line number="38" hits="1868" branch="False" />
            <line number="41" hits="3" branch="False" />
            <line number="44" hits="26835" branch="False" />
            <line number="47" hits="26835" branch="False" />
            <line number="50" hits="0" branch="False" />
            <line number="51" hits="0" branch="False" />
            <line number="55" hits="0" branch="False" />
            <line number="56" hits="0" branch="False" />
            <line number="60" hits="0" branch="False" />
            <line number="61" hits="0" branch="False" />
            <line number="65" hits="0" branch="False" />
            <line number="66" hits="0" branch="False" />
            <line number="70" hits="7419" branch="False" />
            <line number="12" hits="34" branch="False" />
          </lines>
        </class>
        <class name="Chainblock.StartUp" filename="StartUp.cs" line-rate="0" branch-rate="1" complexity="1">
          <methods>
            <method name="Main" signature="(System.String[])" line-rate="0" branch-rate="1" complexity="1">
              <lines>
                <line number="6" hits="0" branch="False" />
                <line number="8" hits="0" branch="False" />
              </lines>
            </method>
          </methods>
          <lines>
            <line number="6" hits="0" branch="False" />
            <line number="8" hits="0" branch="False" />
          </lines>
        </class>
      </classes>
    </package>
  </packages>
</coverage>