<?xml version="1.0" encoding="utf-8"?>
<coverage line-rate="0.9490999999999999" branch-rate="1" version="1.9" timestamp="1743437533" lines-covered="56" lines-valid="59" branches-covered="10" branches-valid="10">
  <sources>
    <source>C:\Users\Admin\Desktop\C# OOP\ExamPreparation\CyberSecurityDS-Skeleton\SecureOpsSystem-Skeleton\SecureOpsSystem\</source>
  </sources>
  <packages>
    <package name="SecureOpsSystem" line-rate="0.9490999999999999" branch-rate="1" complexity="20">
      <classes>
        <class name="SecureOpsSystem.SecureHub" filename="SecureHub.cs" line-rate="1" branch-rate="1" complexity="14">
          <methods>
            <method name="get_Capacity" signature="()" line-rate="1" branch-rate="1" complexity="1">
              <lines>
                <line number="21" hits="68" branch="False" />
              </lines>
            </method>
            <method name="set_Capacity" signature="(System.Int32)" line-rate="1" branch-rate="1" complexity="2">
              <lines>
                <line number="23" hits="25" branch="False" />
                <line number="24" hits="25" branch="True" condition-coverage="100% (2/2)">
                  <conditions>
                    <condition number="10" type="jump" coverage="100%" />
                  </conditions>
                </line>
                <line number="25" hits="2" branch="False" />
                <line number="26" hits="2" branch="False" />
                <line number="28" hits="23" branch="False" />
                <line number="29" hits="23" branch="False" />
              </lines>
            </method>
            <method name="get_Tools" signature="()" line-rate="1" branch-rate="1" complexity="1">
              <lines>
                <line number="31" hits="43" branch="False" />
              </lines>
            </method>
            <method name="AddTool" signature="(SecureOpsSystem.SecurityTool)" line-rate="1" branch-rate="1" complexity="4">
              <lines>
                <line number="34" hits="68" branch="False" />
                <line number="35" hits="265" branch="True" condition-coverage="100% (2/2)">
                  <conditions>
                    <condition number="39" type="jump" coverage="100%" />
                  </conditions>
                </line>
                <line number="36" hits="1" branch="False" />
                <line number="37" hits="1" branch="False" />
                <line number="40" hits="67" branch="True" condition-coverage="100% (2/2)">
                  <conditions>
                    <condition number="95" type="jump" coverage="100%" />
                  </conditions>
                </line>
                <line number="41" hits="5" branch="False" />
                <line number="42" hits="5" branch="False" />
                <line number="45" hits="62" branch="False" />
                <line number="46" hits="62" branch="False" />
                <line number="47" hits="68" branch="False" />
              </lines>
            </method>
            <method name="RemoveTool" signature="(SecureOpsSystem.SecurityTool)" line-rate="1" branch-rate="1" complexity="1">
              <lines>
                <line number="50" hits="13" branch="False" />
                <line number="51" hits="13" branch="False" />
                <line number="52" hits="13" branch="False" />
              </lines>
            </method>
            <method name="DeployTool" signature="(System.String)" line-rate="1" branch-rate="1" complexity="2">
              <lines>
                <line number="55" hits="14" branch="False" />
                <line number="56" hits="58" branch="False" />
                <line number="57" hits="14" branch="True" condition-coverage="100% (2/2)">
                  <conditions>
                    <condition number="44" type="jump" coverage="100%" />
                  </conditions>
                </line>
                <line number="58" hits="13" branch="False" />
                <line number="59" hits="13" branch="False" />
                <line number="60" hits="13" branch="False" />
                <line number="62" hits="14" branch="False" />
                <line number="63" hits="14" branch="False" />
              </lines>
            </method>
            <method name="SystemReport" signature="()" line-rate="1" branch-rate="1" complexity="2">
              <lines>
                <line number="66" hits="3" branch="False" />
                <line number="67" hits="3" branch="False" />
                <line number="68" hits="3" branch="False" />
                <line number="69" hits="3" branch="False" />
                <line number="71" hits="36" branch="True" condition-coverage="100% (2/2)">
                  <conditions>
                    <condition number="154" type="jump" coverage="100%" />
                  </conditions>
                </line>
                <line number="72" hits="9" branch="False" />
                <line number="73" hits="9" branch="False" />
                <line number="74" hits="9" branch="False" />
                <line number="76" hits="3" branch="False" />
                <line number="77" hits="3" branch="False" />
              </lines>
            </method>
            <method name=".ctor" signature="(System.Int32)" line-rate="1" branch-rate="1" complexity="1">
              <lines>
                <line number="13" hits="25" branch="False" />
                <line number="14" hits="25" branch="False" />
                <line number="15" hits="25" branch="False" />
                <line number="16" hits="23" branch="False" />
                <line number="17" hits="23" branch="False" />
              </lines>
            </method>
          </methods>
          <lines>
            <line number="21" hits="68" branch="False" />
            <line number="23" hits="25" branch="False" />
            <line number="24" hits="25" branch="True" condition-coverage="100% (2/2)">
              <conditions>
                <condition number="10" type="jump" coverage="100%" />
              </conditions>
            </line>
            <line number="25" hits="2" branch="False" />
            <line number="26" hits="2" branch="False" />
            <line number="28" hits="23" branch="False" />
            <line number="29" hits="23" branch="False" />
            <line number="31" hits="43" branch="False" />
            <line number="34" hits="68" branch="False" />
            <line number="35" hits="265" branch="True" condition-coverage="100% (2/2)">
              <conditions>
                <condition number="39" type="jump" coverage="100%" />
              </conditions>
            </line>
            <line number="36" hits="1" branch="False" />
            <line number="37" hits="1" branch="False" />
            <line number="40" hits="67" branch="True" condition-coverage="100% (2/2)">
              <conditions>
                <condition number="95" type="jump" coverage="100%" />
              </conditions>
            </line>
            <line number="41" hits="5" branch="False" />
            <line number="42" hits="5" branch="False" />
            <line number="45" hits="62" branch="False" />
            <line number="46" hits="62" branch="False" />
            <line number="47" hits="68" branch="False" />
            <line number="50" hits="13" branch="False" />
            <line number="51" hits="13" branch="False" />
            <line number="52" hits="13" branch="False" />
            <line number="55" hits="14" branch="False" />
            <line number="56" hits="58" branch="False" />
            <line number="57" hits="14" branch="True" condition-coverage="100% (2/2)">
              <conditions>
                <condition number="44" type="jump" coverage="100%" />
              </conditions>
            </line>
            <line number="58" hits="13" branch="False" />
            <line number="59" hits="13" branch="False" />
            <line number="60" hits="13" branch="False" />
            <line number="62" hits="14" branch="False" />
            <line number="63" hits="14" branch="False" />
            <line number="66" hits="3" branch="False" />
            <line number="67" hits="3" branch="False" />
            <line number="68" hits="3" branch="False" />
            <line number="69" hits="3" branch="False" />
            <line number="71" hits="36" branch="True" condition-coverage="100% (2/2)">
              <conditions>
                <condition number="154" type="jump" coverage="100%" />
              </conditions>
            </line>
            <line number="72" hits="9" branch="False" />
            <line number="73" hits="9" branch="False" />
            <line number="74" hits="9" branch="False" />
            <line number="76" hits="3" branch="False" />
            <line number="77" hits="3" branch="False" />
            <line number="13" hits="25" branch="False" />
            <line number="14" hits="25" branch="False" />
            <line number="15" hits="25" branch="False" />
            <line number="16" hits="23" branch="False" />
            <line number="17" hits="23" branch="False" />
          </lines>
        </class>
        <class name="SecureOpsSystem.SecurityTool" filename="SecurityTool.cs" line-rate="1" branch-rate="1" complexity="5">
          <methods>
            <method name="get_Name" signature="()" line-rate="1" branch-rate="1" complexity="1">
              <lines>
                <line number="12" hits="630" branch="False" />
              </lines>
            </method>
            <method name="get_Category" signature="()" line-rate="1" branch-rate="1" complexity="1">
              <lines>
                <line number="13" hits="88" branch="False" />
              </lines>
            </method>
            <method name="get_Effectiveness" signature="()" line-rate="1" branch-rate="1" complexity="1">
              <lines>
                <line number="14" hits="108" branch="False" />
              </lines>
            </method>
            <method name="ToString" signature="()" line-rate="1" branch-rate="1" complexity="1">
              <lines>
                <line number="17" hits="20" branch="False" />
                <line number="18" hits="20" branch="False" />
                <line number="19" hits="20" branch="False" />
              </lines>
            </method>
            <method name=".ctor" signature="(System.String,System.String,System.Double)" line-rate="1" branch-rate="1" complexity="1">
              <lines>
                <line number="5" hits="68" branch="False" />
                <line number="6" hits="68" branch="False" />
                <line number="7" hits="68" branch="False" />
                <line number="8" hits="68" branch="False" />
                <line number="9" hits="68" branch="False" />
                <line number="10" hits="68" branch="False" />
              </lines>
            </method>
          </methods>
          <lines>
            <line number="12" hits="630" branch="False" />
            <line number="13" hits="88" branch="False" />
            <line number="14" hits="108" branch="False" />
            <line number="17" hits="20" branch="False" />
            <line number="18" hits="20" branch="False" />
            <line number="19" hits="20" branch="False" />
            <line number="5" hits="68" branch="False" />
            <line number="6" hits="68" branch="False" />
            <line number="7" hits="68" branch="False" />
            <line number="8" hits="68" branch="False" />
            <line number="9" hits="68" branch="False" />
            <line number="10" hits="68" branch="False" />
          </lines>
        </class>
        <class name="SecureOpsSystem.StartUp" filename="StartUp.cs" line-rate="0" branch-rate="1" complexity="1">
          <methods>
            <method name="Main" signature="(System.String[])" line-rate="0" branch-rate="1" complexity="1">
              <lines>
                <line number="6" hits="0" branch="False" />
                <line number="7" hits="0" branch="False" />
                <line number="8" hits="0" branch="False" />
              </lines>
            </method>
          </methods>
          <lines>
            <line number="6" hits="0" branch="False" />
            <line number="7" hits="0" branch="False" />
            <line number="8" hits="0" branch="False" />
          </lines>
        </class>
      </classes>
    </package>
  </packages>
</coverage>