<?xml version="1.0" encoding="utf-8"?>
<coverage line-rate="0.9582999999999999" branch-rate="1" version="1.9" timestamp="1743421485" lines-covered="46" lines-valid="48" branches-covered="6" branches-valid="6">
  <sources>
    <source>C:\Users\Admin\Desktop\C# OOP\ExamPreparation\NetTraderSystem-Skeleton\NetTraderSystem\</source>
  </sources>
  <packages>
    <package name="NetTraderSystem" line-rate="0.9582999999999999" branch-rate="1" complexity="15">
      <classes>
        <class name="NetTraderSystem.Product" filename="Product.cs" line-rate="1" branch-rate="1" complexity="5">
          <methods>
            <method name="get_Name" signature="()" line-rate="1" branch-rate="1" complexity="1">
              <lines>
                <line number="12" hits="141" branch="False" />
              </lines>
            </method>
            <method name="get_Category" signature="()" line-rate="1" branch-rate="1" complexity="1">
              <lines>
                <line number="13" hits="75" branch="False" />
              </lines>
            </method>
            <method name="get_Price" signature="()" line-rate="1" branch-rate="1" complexity="1">
              <lines>
                <line number="14" hits="75" branch="False" />
              </lines>
            </method>
            <method name="ToString" signature="()" line-rate="1" branch-rate="1" complexity="1">
              <lines>
                <line number="17" hits="12" branch="False" />
                <line number="18" hits="12" branch="False" />
                <line number="19" hits="12" branch="False" />
              </lines>
            </method>
            <method name=".ctor" signature="(System.String,System.String,System.Double)" line-rate="1" branch-rate="1" complexity="1">
              <lines>
                <line number="5" hits="63" branch="False" />
                <line number="6" hits="63" branch="False" />
                <line number="7" hits="63" branch="False" />
                <line number="8" hits="63" branch="False" />
                <line number="9" hits="63" branch="False" />
                <line number="10" hits="63" branch="False" />
              </lines>
            </method>
          </methods>
          <lines>
            <line number="12" hits="141" branch="False" />
            <line number="13" hits="75" branch="False" />
            <line number="14" hits="75" branch="False" />
            <line number="17" hits="12" branch="False" />
            <line number="18" hits="12" branch="False" />
            <line number="19" hits="12" branch="False" />
            <line number="5" hits="63" branch="False" />
            <line number="6" hits="63" branch="False" />
            <line number="7" hits="63" branch="False" />
            <line number="8" hits="63" branch="False" />
            <line number="9" hits="63" branch="False" />
            <line number="10" hits="63" branch="False" />
          </lines>
        </class>
        <class name="NetTraderSystem.StartUp" filename="StartUp.cs" line-rate="0" branch-rate="1" complexity="1">
          <methods>
            <method name="Main" signature="(System.String[])" line-rate="0" branch-rate="1" complexity="1">
              <lines>
                <line number="6" hits="0" branch="False" />
                <line number="8" hits="0" branch="False" />
              </lines>
            </method>
          </methods>
          <lines>
            <line number="6" hits="0" branch="False" />
            <line number="8" hits="0" branch="False" />
          </lines>
        </class>
        <class name="NetTraderSystem.TradingPlatform" filename="TradingPlatform.cs" line-rate="1" branch-rate="1" complexity="9">
          <methods>
            <method name="get_Products" signature="()" line-rate="1" branch-rate="1" complexity="1">
              <lines>
                <line number="19" hits="27" branch="False" />
              </lines>
            </method>
            <method name="AddProduct" signature="(NetTraderSystem.Product)" line-rate="1" branch-rate="1" complexity="2">
              <lines>
                <line number="22" hits="60" branch="False" />
                <line number="23" hits="60" branch="True" condition-coverage="100% (2/2)">
                  <conditions>
                    <condition number="22" type="jump" coverage="100%" />
                  </conditions>
                </line>
                <line number="24" hits="53" branch="False" />
                <line number="25" hits="53" branch="False" />
                <line number="26" hits="53" branch="False" />
                <line number="29" hits="7" branch="False" />
                <line number="30" hits="7" branch="False" />
                <line number="32" hits="60" branch="False" />
              </lines>
            </method>
            <method name="RemoveProduct" signature="(NetTraderSystem.Product)" line-rate="1" branch-rate="1" complexity="1">
              <lines>
                <line number="35" hits="19" branch="False" />
                <line number="36" hits="19" branch="False" />
                <line number="37" hits="19" branch="False" />
              </lines>
            </method>
            <method name="SellProduct" signature="(NetTraderSystem.Product)" line-rate="1" branch-rate="1" complexity="2">
              <lines>
                <line number="40" hits="16" branch="False" />
                <line number="41" hits="16" branch="True" condition-coverage="100% (2/2)">
                  <conditions>
                    <condition number="15" type="jump" coverage="100%" />
                  </conditions>
                </line>
                <line number="42" hits="13" branch="False" />
                <line number="43" hits="13" branch="False" />
                <line number="46" hits="3" branch="False" />
                <line number="47" hits="3" branch="False" />
                <line number="49" hits="16" branch="False" />
              </lines>
            </method>
            <method name="InventoryReport" signature="()" line-rate="1" branch-rate="1" complexity="2">
              <lines>
                <line number="52" hits="3" branch="False" />
                <line number="53" hits="3" branch="False" />
                <line number="54" hits="3" branch="False" />
                <line number="55" hits="3" branch="False" />
                <line number="57" hits="21" branch="True" condition-coverage="100% (2/2)">
                  <conditions>
                    <condition number="120" type="jump" coverage="100%" />
                  </conditions>
                </line>
                <line number="58" hits="6" branch="False" />
                <line number="59" hits="6" branch="False" />
                <line number="60" hits="6" branch="False" />
                <line number="62" hits="3" branch="False" />
                <line number="63" hits="3" branch="False" />
              </lines>
            </method>
            <method name=".ctor" signature="(System.Int32)" line-rate="1" branch-rate="1" complexity="1">
              <lines>
                <line number="13" hits="20" branch="False" />
                <line number="14" hits="20" branch="False" />
                <line number="15" hits="20" branch="False" />
                <line number="16" hits="20" branch="False" />
                <line number="17" hits="20" branch="False" />
              </lines>
            </method>
          </methods>
          <lines>
            <line number="19" hits="27" branch="False" />
            <line number="22" hits="60" branch="False" />
            <line number="23" hits="60" branch="True" condition-coverage="100% (2/2)">
              <conditions>
                <condition number="22" type="jump" coverage="100%" />
              </conditions>
            </line>
            <line number="24" hits="53" branch="False" />
            <line number="25" hits="53" branch="False" />
            <line number="26" hits="53" branch="False" />
            <line number="29" hits="7" branch="False" />
            <line number="30" hits="7" branch="False" />
            <line number="32" hits="60" branch="False" />
            <line number="35" hits="19" branch="False" />
            <line number="36" hits="19" branch="False" />
            <line number="37" hits="19" branch="False" />
            <line number="40" hits="16" branch="False" />
            <line number="41" hits="16" branch="True" condition-coverage="100% (2/2)">
              <conditions>
                <condition number="15" type="jump" coverage="100%" />
              </conditions>
            </line>
            <line number="42" hits="13" branch="False" />
            <line number="43" hits="13" branch="False" />
            <line number="46" hits="3" branch="False" />
            <line number="47" hits="3" branch="False" />
            <line number="49" hits="16" branch="False" />
            <line number="52" hits="3" branch="False" />
            <line number="53" hits="3" branch="False" />
            <line number="54" hits="3" branch="False" />
            <line number="55" hits="3" branch="False" />
            <line number="57" hits="21" branch="True" condition-coverage="100% (2/2)">
              <conditions>
                <condition number="120" type="jump" coverage="100%" />
              </conditions>
            </line>
            <line number="58" hits="6" branch="False" />
            <line number="59" hits="6" branch="False" />
            <line number="60" hits="6" branch="False" />
            <line number="62" hits="3" branch="False" />
            <line number="63" hits="3" branch="False" />
            <line number="13" hits="20" branch="False" />
            <line number="14" hits="20" branch="False" />
            <line number="15" hits="20" branch="False" />
            <line number="16" hits="20" branch="False" />
            <line number="17" hits="20" branch="False" />
          </lines>
        </class>
      </classes>
    </package>
  </packages>
</coverage>