<?xml version="1.0" encoding="utf-8"?>
<coverage line-rate="0.9726" branch-rate="0.9375" version="1.9" timestamp="1742834269" lines-covered="71" lines-valid="73" branches-covered="15" branches-valid="16">
  <sources>
    <source>C:\</source>
  </sources>
  <packages>
    <package name="CarManager" line-rate="0.9726" branch-rate="0.9375" complexity="23">
      <classes>
        <class name="CarManager.Car" filename="Users\Admin\Desktop\C# OOP\UnitTesting\Exercise\CarManager\Car.cs" line-rate="0.9726" branch-rate="0.9375" complexity="23">
          <methods>
            <method name="get_Make" signature="()" line-rate="1" branch-rate="1" complexity="1">
              <lines>
                <line number="33" hits="1" branch="False" />
                <line number="34" hits="1" branch="False" />
                <line number="35" hits="1" branch="False" />
              </lines>
            </method>
            <method name="set_Make" signature="(System.String)" line-rate="1" branch-rate="1" complexity="2">
              <lines>
                <line number="37" hits="37" branch="False" />
                <line number="38" hits="37" branch="True" condition-coverage="100% (2/2)">
                  <conditions>
                    <condition number="9" type="jump" coverage="100%" />
                  </conditions>
                </line>
                <line number="39" hits="2" branch="False" />
                <line number="40" hits="2" branch="False" />
                <line number="43" hits="35" branch="False" />
                <line number="44" hits="35" branch="False" />
              </lines>
            </method>
            <method name="get_Model" signature="()" line-rate="1" branch-rate="1" complexity="1">
              <lines>
                <line number="50" hits="1" branch="False" />
                <line number="51" hits="1" branch="False" />
                <line number="52" hits="1" branch="False" />
              </lines>
            </method>
            <method name="set_Model" signature="(System.String)" line-rate="1" branch-rate="1" complexity="2">
              <lines>
                <line number="54" hits="35" branch="False" />
                <line number="55" hits="35" branch="True" condition-coverage="100% (2/2)">
                  <conditions>
                    <condition number="9" type="jump" coverage="100%" />
                  </conditions>
                </line>
                <line number="56" hits="2" branch="False" />
                <line number="57" hits="2" branch="False" />
                <line number="60" hits="33" branch="False" />
                <line number="61" hits="33" branch="False" />
              </lines>
            </method>
            <method name="get_FuelConsumption" signature="()" line-rate="1" branch-rate="1" complexity="1">
              <lines>
                <line number="67" hits="13" branch="False" />
                <line number="68" hits="13" branch="False" />
                <line number="69" hits="13" branch="False" />
              </lines>
            </method>
            <method name="set_FuelConsumption" signature="(System.Double)" line-rate="1" branch-rate="1" complexity="2">
              <lines>
                <line number="71" hits="33" branch="False" />
                <line number="72" hits="33" branch="True" condition-coverage="100% (2/2)">
                  <conditions>
                    <condition number="18" type="jump" coverage="100%" />
                  </conditions>
                </line>
                <line number="73" hits="3" branch="False" />
                <line number="74" hits="3" branch="False" />
                <line number="77" hits="30" branch="False" />
                <line number="78" hits="30" branch="False" />
              </lines>
            </method>
            <method name="get_FuelAmount" signature="()" line-rate="1" branch-rate="1" complexity="1">
              <lines>
                <line number="84" hits="43" branch="False" />
                <line number="85" hits="43" branch="False" />
                <line number="86" hits="43" branch="False" />
              </lines>
            </method>
            <method name="set_FuelAmount" signature="(System.Double)" line-rate="0.6666" branch-rate="0.5" complexity="2">
              <lines>
                <line number="88" hits="55" branch="False" />
                <line number="89" hits="55" branch="True" condition-coverage="50% (1/2)">
                  <conditions>
                    <condition number="15" type="jump" coverage="50%" />
                  </conditions>
                </line>
                <line number="90" hits="0" branch="False" />
                <line number="91" hits="0" branch="False" />
                <line number="94" hits="55" branch="False" />
                <line number="95" hits="55" branch="False" />
              </lines>
            </method>
            <method name="get_FuelCapacity" signature="()" line-rate="1" branch-rate="1" complexity="1">
              <lines>
                <line number="101" hits="19" branch="False" />
                <line number="102" hits="19" branch="False" />
                <line number="103" hits="19" branch="False" />
              </lines>
            </method>
            <method name="set_FuelCapacity" signature="(System.Double)" line-rate="1" branch-rate="1" complexity="2">
              <lines>
                <line number="105" hits="30" branch="False" />
                <line number="106" hits="30" branch="True" condition-coverage="100% (2/2)">
                  <conditions>
                    <condition number="18" type="jump" coverage="100%" />
                  </conditions>
                </line>
                <line number="107" hits="3" branch="False" />
                <line number="108" hits="3" branch="False" />
                <line number="111" hits="27" branch="False" />
                <line number="112" hits="27" branch="False" />
              </lines>
            </method>
            <method name="Refuel" signature="(System.Double)" line-rate="1" branch-rate="1" complexity="4">
              <lines>
                <line number="116" hits="15" branch="False" />
                <line number="117" hits="15" branch="True" condition-coverage="100% (2/2)">
                  <conditions>
                    <condition number="18" type="jump" coverage="100%" />
                  </conditions>
                </line>
                <line number="118" hits="3" branch="False" />
                <line number="119" hits="3" branch="False" />
                <line number="122" hits="12" branch="False" />
                <line number="124" hits="12" branch="True" condition-coverage="100% (2/2)">
                  <conditions>
                    <condition number="63" type="jump" coverage="100%" />
                  </conditions>
                </line>
                <line number="125" hits="3" branch="False" />
                <line number="126" hits="3" branch="False" />
                <line number="127" hits="3" branch="False" />
                <line number="128" hits="12" branch="False" />
              </lines>
            </method>
            <method name="Drive" signature="(System.Double)" line-rate="1" branch-rate="1" complexity="2">
              <lines>
                <line number="131" hits="6" branch="False" />
                <line number="132" hits="6" branch="False" />
                <line number="134" hits="6" branch="True" condition-coverage="100% (2/2)">
                  <conditions>
                    <condition number="31" type="jump" coverage="100%" />
                  </conditions>
                </line>
                <line number="135" hits="3" branch="False" />
                <line number="136" hits="3" branch="False" />
                <line number="139" hits="3" branch="False" />
                <line number="140" hits="3" branch="False" />
              </lines>
            </method>
            <method name=".ctor" signature="()" line-rate="1" branch-rate="1" complexity="1">
              <lines>
                <line number="17" hits="37" branch="False" />
                <line number="18" hits="37" branch="False" />
                <line number="19" hits="37" branch="False" />
                <line number="20" hits="37" branch="False" />
              </lines>
            </method>
            <method name=".ctor" signature="(System.String,System.String,System.Double,System.Double)" line-rate="1" branch-rate="1" complexity="1">
              <lines>
                <line number="22" hits="37" branch="False" />
                <line number="23" hits="37" branch="False" />
                <line number="24" hits="37" branch="False" />
                <line number="25" hits="35" branch="False" />
                <line number="26" hits="33" branch="False" />
                <line number="27" hits="30" branch="False" />
                <line number="28" hits="27" branch="False" />
              </lines>
            </method>
          </methods>
          <lines>
            <line number="33" hits="1" branch="False" />
            <line number="34" hits="1" branch="False" />
            <line number="35" hits="1" branch="False" />
            <line number="37" hits="37" branch="False" />
            <line number="38" hits="37" branch="True" condition-coverage="100% (2/2)">
              <conditions>
                <condition number="9" type="jump" coverage="100%" />
              </conditions>
            </line>
            <line number="39" hits="2" branch="False" />
            <line number="40" hits="2" branch="False" />
            <line number="43" hits="35" branch="False" />
            <line number="44" hits="35" branch="False" />
            <line number="50" hits="1" branch="False" />
            <line number="51" hits="1" branch="False" />
            <line number="52" hits="1" branch="False" />
            <line number="54" hits="35" branch="False" />
            <line number="55" hits="35" branch="True" condition-coverage="100% (2/2)">
              <conditions>
                <condition number="9" type="jump" coverage="100%" />
              </conditions>
            </line>
            <line number="56" hits="2" branch="False" />
            <line number="57" hits="2" branch="False" />
            <line number="60" hits="33" branch="False" />
            <line number="61" hits="33" branch="False" />
            <line number="67" hits="13" branch="False" />
            <line number="68" hits="13" branch="False" />
            <line number="69" hits="13" branch="False" />
            <line number="71" hits="33" branch="False" />
            <line number="72" hits="33" branch="True" condition-coverage="100% (2/2)">
              <conditions>
                <condition number="18" type="jump" coverage="100%" />
              </conditions>
            </line>
            <line number="73" hits="3" branch="False" />
            <line number="74" hits="3" branch="False" />
            <line number="77" hits="30" branch="False" />
            <line number="78" hits="30" branch="False" />
            <line number="84" hits="43" branch="False" />
            <line number="85" hits="43" branch="False" />
            <line number="86" hits="43" branch="False" />
            <line number="88" hits="55" branch="False" />
            <line number="89" hits="55" branch="True" condition-coverage="50% (1/2)">
              <conditions>
                <condition number="15" type="jump" coverage="50%" />
              </conditions>
            </line>
            <line number="90" hits="0" branch="False" />
            <line number="91" hits="0" branch="False" />
            <line number="94" hits="55" branch="False" />
            <line number="95" hits="55" branch="False" />
            <line number="101" hits="19" branch="False" />
            <line number="102" hits="19" branch="False" />
            <line number="103" hits="19" branch="False" />
            <line number="105" hits="30" branch="False" />
            <line number="106" hits="30" branch="True" condition-coverage="100% (2/2)">
              <conditions>
                <condition number="18" type="jump" coverage="100%" />
              </conditions>
            </line>
            <line number="107" hits="3" branch="False" />
            <line number="108" hits="3" branch="False" />
            <line number="111" hits="27" branch="False" />
            <line number="112" hits="27" branch="False" />
            <line number="116" hits="15" branch="False" />
            <line number="117" hits="15" branch="True" condition-coverage="100% (2/2)">
              <conditions>
                <condition number="18" type="jump" coverage="100%" />
              </conditions>
            </line>
            <line number="118" hits="3" branch="False" />
            <line number="119" hits="3" branch="False" />
            <line number="122" hits="12" branch="False" />
            <line number="124" hits="12" branch="True" condition-coverage="100% (2/2)">
              <conditions>
                <condition number="63" type="jump" coverage="100%" />
              </conditions>
            </line>
            <line number="125" hits="3" branch="False" />
            <line number="126" hits="3" branch="False" />
            <line number="127" hits="3" branch="False" />
            <line number="128" hits="12" branch="False" />
            <line number="131" hits="6" branch="False" />
            <line number="132" hits="6" branch="False" />
            <line number="134" hits="6" branch="True" condition-coverage="100% (2/2)">
              <conditions>
                <condition number="31" type="jump" coverage="100%" />
              </conditions>
            </line>
            <line number="135" hits="3" branch="False" />
            <line number="136" hits="3" branch="False" />
            <line number="139" hits="3" branch="False" />
            <line number="140" hits="3" branch="False" />
            <line number="17" hits="37" branch="False" />
            <line number="18" hits="37" branch="False" />
            <line number="19" hits="37" branch="False" />
            <line number="20" hits="37" branch="False" />
            <line number="22" hits="37" branch="False" />
            <line number="23" hits="37" branch="False" />
            <line number="24" hits="37" branch="False" />
            <line number="25" hits="35" branch="False" />
            <line number="26" hits="33" branch="False" />
            <line number="27" hits="30" branch="False" />
            <line number="28" hits="27" branch="False" />
          </lines>
        </class>
      </classes>
    </package>
  </packages>
</coverage>